<?xml version="1.0" encoding="UTF-8" ?>
<testsuite errors="1" failures="0" hostname="hemul" name="dat255.grupp06.bibbla.backend.tasks.RenewJobTest" tests="1" time="0.0" timestamp="2012-10-22T06:29:09">
  <properties>
[...]
</properties>
  <testcase classname="dat255.grupp06.bibbla.backend.tasks.RenewJobTest" name="BeforeFirstTest" time="0.0">
    <error message="Forked Java VM exited abnormally. Please note the time in the report does not reflect the time until the VM exit." type="junit.framework.AssertionFailedError">junit.framework.AssertionFailedError: Forked Java VM exited abnormally. Please note the time in the report does not reflect the time until the VM exit.
</error>
  </testcase>
</testsuite>
